DrumCloud/proguard/mapping.txt
com.codefixia.drumcloud.Automator -> com.codefixia.drumcloud.a:
    com.codefixia.drumcloud.DrumCloud drumCloud -> a
    boolean stopOnRelease -> b
    com.codefixia.ui.PressZones kick -> c
    com.codefixia.ui.PressZones bass -> d
    com.codefixia.ui.PressZones snare -> e
    com.codefixia.ui.PressZones hithat -> f
    com.codefixia.ui.AnimatedBeatKnob kickKnob -> g
    com.codefixia.ui.AnimatedBeatKnob bassKnob -> h
    com.codefixia.ui.AnimatedBeatKnob snareKnob -> i
    com.codefixia.ui.AnimatedBeatKnob hithatKnob -> j
    com.codefixia.utils.AutoMode mode -> k
    int[] offsetsSample -> l
    int[][] offsetsX -> m
    int[][] offsetsY -> n
    com.codefixia.ui.ToggleButtonsBar modeSelector -> o
    com.codefixia.ui.ToggleButtonsBar onReleaseSelector -> p
    com.codefixia.ui.ToggleButtonsBar deleteButtons -> q
    int width -> r
    int height -> s
    float zoneWidth -> t
    float zoneHeight -> u
    float zoneOriginX -> v
    float zoneOriginY -> w
    float zoneMarginX -> x
    float zoneMarginY -> y
    float knobOriginX -> z
    float knobOriginY -> A
    int kickGrid -> B
    int bassGrid -> C
    int snareGrid -> D
    int hithatGrid -> E
    int[] $SWITCH_TABLE$com$codefixia$utils$AutoMode -> F
    float getContainerOriginX() -> a
    float getContainerOriginY() -> b
    float getContainerHeight() -> c
    float getContainerWidth() -> d
    void setup() -> e
    void draw() -> f
    void drawLines() -> g
com.codefixia.drumcloud.DrumCloud -> com.codefixia.drumcloud.DrumCloud:
    com.codefixia.drumcloud.DrumCloud X -> a
    int soundsLoaded -> cF
    android.widget.FrameLayout mBanner -> b
    java.lang.String adSpace -> c
    boolean adsLoaded -> d
    boolean adsEnabled -> e
    long minInterAdsTime -> f
    long lastAdShowTime -> g
    boolean clickToDisableAds -> h
    com.codefixia.ads.AdsMode adsMode -> i
    java.lang.String adsExternalUrl -> j
    com.suredigit.inappfeedback.FeedbackDialog feedBack -> cG
    com.codefixia.audio.Midi midi -> k
    com.codefixia.audio.AudioPlayer auxAudioPlayer -> cH
    com.codefixia.audio.Maxim maxim -> l
    float BPM -> m
    float beatMS -> n
    float beatsPerTempo -> o
    float gridsByBeat -> p
    float gridMS -> q
    float tempoMS -> r
    long pausedMS -> s
    long totalPaused -> t
    long audioMs -> u
    float tempoOffset -> v
    float beatOffset -> w
    float firstKick -> x
    boolean snapToGrid -> y
    com.codefixia.utils.MainMode mode -> z
    boolean paused -> A
    boolean pressureEnabled -> B
    com.codefixia.drumcloud.Automator automator -> C
    com.codefixia.drumcloud.Sequencer sequencer -> D
    int totalSamples -> E
    int totalGrids -> F
    com.codefixia.audio.AudioPlayer[] playerKick -> G
    com.codefixia.audio.AudioPlayer[] playerBass -> H
    com.codefixia.audio.AudioPlayer[] playerSnare -> I
    com.codefixia.audio.AudioPlayer[] playerHitHat -> J
    boolean[][] samplesPerBeat -> K
com.codefixia.drumcloud.DrumCloud$1 -> com.codefixia.drumcloud.b:
    com.codefixia.drumcloud.DrumCloud this$0 -> a
    void run() -> run
com.codefixia.drumcloud.DrumCloud$2 -> com.codefixia.drumcloud.c:
    com.codefixia.drumcloud.DrumCloud this$0 -> a
    int val$soundType -> b
    java.io.File val$localFile -> c
    android.app.ProgressDialog val$progressDialog -> d
    java.lang.String val$fileName -> e
    void run() -> run
    com.codefixia.drumcloud.DrumCloud access$0(com.codefixia.drumcloud.DrumCloud$2) -> a
com.codefixia.drumcloud.DrumCloud$2$1 -> com.codefixia.drumcloud.d:
    com.codefixia.drumcloud.DrumCloud$2 this$1 -> a
    android.app.ProgressDialog val$progressDialog -> b
    java.lang.String val$fileName -> c
    void run() -> run
com.codefixia.drumcloud.DrumCloud$3 -> com.codefixia.drumcloud.e:
    com.codefixia.drumcloud.DrumCloud this$0 -> a
    com.github.espiandev.showcaseview.ShowcaseView val$showcaseView -> b
    void onClick(android.view.View) -> onClick
...
processing.opengl.tess.Normal -> a.d.a.m:
    boolean SLANTED_SWEEP -> a
    double S_UNIT_X -> b
    double S_UNIT_Y -> c
    boolean $assertionsDisabled -> d
    double Dot(double[],double[]) -> a
    int LongAxis(double[]) -> a
    void ComputeNormal(processing.opengl.tess.GLUtessellatorImpl,double[]) -> a
    void CheckOrientation(processing.opengl.tess.GLUtessellatorImpl) -> a
    void __gl_projectPolygon(processing.opengl.tess.GLUtessellatorImpl) -> b
processing.opengl.tess.PGLU -> a.d.a.n:
    java.lang.String[] glErrorStrings -> a
    java.lang.String[] gluErrorStrings -> b
    java.lang.String[] gluTessErrors -> c
    processing.opengl.tess.PGLUtessellator gluNewTess() -> a
    void gluTessCallback(processing.opengl.tess.PGLUtessellator,int,processing.opengl.tess.PGLUtessellatorCallback) -> a
    void gluTessBeginPolygon(processing.opengl.tess.PGLUtessellator,java.lang.Object) -> a
    void gluTessEndPolygon(processing.opengl.tess.PGLUtessellator) -> a
    void gluTessProperty(processing.opengl.tess.PGLUtessellator,int,double) -> a
    void gluTessBeginContour(processing.opengl.tess.PGLUtessellator) -> b
    void gluTessEndContour(processing.opengl.tess.PGLUtessellator) -> c
    void gluTessVertex(processing.opengl.tess.PGLUtessellator,double[],int,java.lang.Object) -> a
    java.lang.String gluErrorString(int) -> a
processing.opengl.tess.PGLUtessellator -> a.d.a.o:
processing.opengl.tess.PGLUtessellatorCallback -> a.d.a.p:
    void begin(int) -> a
    void beginData(int,java.lang.Object) -> a
    void edgeFlag(boolean) -> a
    void edgeFlagData(boolean,java.lang.Object) -> a
    void vertex(java.lang.Object) -> a
    void vertexData(java.lang.Object,java.lang.Object) -> a
    void end() -> a
    void endData(java.lang.Object) -> b
    void combine(double[],java.lang.Object[],float[],java.lang.Object[]) -> a
    void combineData(double[],java.lang.Object[],float[],java.lang.Object[],java.lang.Object) -> a
    void error(int) -> b
    void errorData(int,java.lang.Object) -> b
processing.opengl.tess.PGLUtessellatorCallbackAdapter -> a.d.a.q:
    void begin(int) -> a
    void edgeFlag(boolean) -> a
    void vertex(java.lang.Object) -> a
    void end() -> a
    void error(int) -> b
    void combine(double[],java.lang.Object[],float[],java.lang.Object[]) -> a
    void beginData(int,java.lang.Object) -> a
    void edgeFlagData(boolean,java.lang.Object) -> a
    void vertexData(java.lang.Object,java.lang.Object) -> a
    void endData(java.lang.Object) -> b
    void errorData(int,java.lang.Object) -> b
    void combineData(double[],java.lang.Object[],float[],java.lang.Object[],java.lang.Object) -> a
processing.opengl.tess.PriorityQ -> a.d.a.r:
    boolean LEQ(processing.opengl.tess.PriorityQ$Leq,java.lang.Object,java.lang.Object) -> a
    processing.opengl.tess.PriorityQ pqNewPriorityQ(processing.opengl.tess.PriorityQ$Leq) -> a
    void pqDeletePriorityQ() -> a
    boolean pqInit() -> b
    int pqInsert(java.lang.Object) -> a
    java.lang.Object pqExtractMin() -> c
    void pqDelete(int) -> a
    java.lang.Object pqMinimum() -> d
processing.opengl.tess.PriorityQ$Leq -> a.d.a.s:
processing.opengl.tess.PriorityQ$PQhandleElem -> a.d.a.t:
    java.lang.Object key -> a
    int node -> b
processing.opengl.tess.PriorityQ$PQnode -> a.d.a.u:
    int handle -> a
processing.opengl.tess.PriorityQHeap -> a.d.a.v:
    processing.opengl.tess.PriorityQ$PQnode[] nodes -> a
    processing.opengl.tess.PriorityQ$PQhandleElem[] handles -> b
    int size -> c
    int max -> d
    int freeList -> e
    boolean initialized -> f
    processing.opengl.tess.PriorityQ$Leq leq -> g
    boolean $assertionsDisabled -> h
    void pqDeletePriorityQ() -> a
    void FloatDown(int) -> b
    void FloatUp(int) -> c
    boolean pqInit() -> b
    int pqInsert(java.lang.Object) -> a
    java.lang.Object pqExtractMin() -> c
    void pqDelete(int) -> a
    java.lang.Object pqMinimum() -> d
    boolean pqIsEmpty() -> e